2024-09-17 00:03:52 - INFO - Script started
2024-09-17 00:03:52 - ERROR - An error occurred: No such file: 'New_Workbook'
2024-09-17 00:04:50 - INFO - Script started
2024-09-17 00:04:56 - INFO - Data successfully saved to scrape_data.xlsx in Sheet2
2024-09-17 00:13:13 - INFO - Script started
2024-09-17 00:13:15 - ERROR - An error occurred: (-2147352567, 'Exception occurred.', (0, 'Microsoft Excel', "Cannot access 'scrape_data.xlsx'.", 'xlmain11.chm', 0, -2146827284), None)
2024-09-17 00:13:34 - INFO - Script started
2024-09-17 00:13:35 - ERROR - An error occurred: (-2147352567, 'Exception occurred.', (0, 'Microsoft Excel', "Cannot access 'scrape_data.xlsx'.", 'xlmain11.chm', 0, -2146827284), None)
2024-09-17 00:13:56 - INFO - Script started
2024-09-17 00:13:56 - ERROR - An error occurred: (-2147352567, 'Exception occurred.', (0, 'Microsoft Excel', "Cannot access 'scrape_data.xlsx'.", 'xlmain11.chm', 0, -2146827284), None)
2024-09-17 00:15:42 - INFO - Script started
2024-09-17 00:15:42 - ERROR - An error occurred: (-2147352567, 'Exception occurred.', (0, 'Microsoft Excel', "Cannot access 'scrape_data.xlsx'.", 'xlmain11.chm', 0, -2146827284), None)
2024-09-17 00:16:07 - INFO - Script started
2024-09-17 00:16:07 - ERROR - An error occurred: (-2147352567, 'Exception occurred.', (0, 'Microsoft Excel', "Cannot access 'scrape_data.xlsx'.", 'xlmain11.chm', 0, -2146827284), None)
2024-09-17 23:42:41 - INFO - Script started
2024-09-17 23:42:41 - INFO - Start time and/or End time not provided
2024-09-17-PM 23:43:39:PM - INFO - Script started
2024-09-17-PM 23:43:39:PM - INFO - Start time and/or End time not provided
2024-09-17-PM 23:43:55:PM - INFO - Script started
2024-09-17-PM 23:43:55:PM - INFO - Start time and/or End time not provided
2024-09-17 23:47:28 - INFO - Script started
2024-09-17 23:48:03 - INFO - Excel Start Time: None, Excel End Time: None
2024-09-17 23:48:03 - ERROR - Error parsing times: 'NoneType' object has no attribute 'time'
2024-09-17 23:48:07 - INFO - Script started
2024-09-17 23:48:07 - INFO - Excel Start Time: None, Excel End Time: None
2024-09-17 23:48:07 - ERROR - Error parsing times: 'NoneType' object has no attribute 'time'
2024-09-17 23:48:11 - INFO - Script started
2024-09-17 23:48:11 - INFO - Excel Start Time: None, Excel End Time: None
2024-09-17 23:48:11 - ERROR - Error parsing times: 'NoneType' object has no attribute 'time'
2024-09-17 23:49:58 - INFO - Script started
2024-09-17 23:49:58 - INFO - Excel Start Time: 0.9930555555555556, Excel End Time: 0.99375
2024-09-17 23:49:58 - INFO - Start Time: 00:00:00, End Time: 00:00:00
2024-09-17 23:49:58 - ERROR - An error occurred during scraping or saving data: Book.caller() must not be called directly. Call through Excel or set a mock caller first with Book.set_mock_caller().
2024-09-17 23:54:01 - INFO - Script started
2024-09-17 23:54:28 - INFO - Excel Start Time: None, Excel End Time: None
2024-09-17 23:54:28 - INFO - Data successfully saved in Sheet1
2024-09-17 23:56:15 - INFO - Script started
2024-09-17 23:56:28 - INFO - Excel Start Time: None, Excel End Time: None
2024-09-17 23:56:28 - INFO - Data successfully saved in Sheet1
2024-09-17 23:59:11 - INFO - Script started
2024-09-17 23:59:11 - INFO - Excel Start Time: None, Excel End Time: 2024-09-17 00:00:00
2024-09-17 23:59:11 - INFO - Data successfully saved in Sheet1
2024-09-17 23:59:46 - INFO - Script started
2024-09-17 23:59:46 - INFO - Excel Start Time: None, Excel End Time: 2024-09-17 00:00:00
2024-09-17 23:59:46 - INFO - Data successfully saved in Sheet1
2024-09-18 00:01:12 - INFO - Script started
2024-09-18 00:01:13 - INFO - Excel Start Time: None, Excel End Time: 2024-09-17 00:00:00
2024-09-18 00:01:13 - INFO - Data successfully saved in Sheet1
2024-09-18 00:01:50 - INFO - Script started
2024-09-18 00:01:50 - INFO - Excel Start Time: None, Excel End Time: 2024-09-17 00:00:00
2024-09-18 00:01:50 - INFO - Data successfully saved in Sheet1
2024-09-18 00:03:11 - INFO - Script started
2024-09-18 00:03:11 - INFO - Excel Start Time: None, Excel End Time: 2024-09-17 00:00:00
2024-09-18 00:03:11 - INFO - Data successfully saved in Sheet1
2024-09-18 00:05:07 - INFO - Script started
2024-09-18 00:05:07 - INFO - Excel Start Time: None, Excel End Time: 2024-09-17 00:00:00
2024-09-18 00:05:07 - INFO - Data successfully saved in Sheet1
2024-09-18 00:07:55 - INFO - Script started
2024-09-18 00:07:55 - INFO - Excel Start Time: None, Excel End Time: 2024-09-17 00:00:00
2024-09-18 00:07:55 - INFO - Data successfully saved in Sheet1
2024-09-18 00:10:02 - INFO - Script started
2024-09-18 00:10:02 - ERROR - Error reading times from Excel: name 'time' is not defined
2024-09-18 00:11:00 - INFO - Script started
2024-09-18 00:11:00 - ERROR - Error reading times from Excel: name 'time' is not defined
2024-09-18 00:12:16 - INFO - Script started
2024-09-18 00:12:17 - ERROR - Error reading times from Excel: name 'time' is not defined
2024-09-18 00:12:20 - INFO - Script started
2024-09-18 00:12:20 - ERROR - Error reading times from Excel: name 'time' is not defined
2024-09-18 00:16:50 - INFO - Script started
2024-09-18 00:16:51 - INFO - Excel Start Time: 00:17:00, Excel End Time: 00:19:00
2024-09-18 00:16:51 - INFO - Data successfully saved in Sheet1
2024-09-18 00:20:51 - INFO - Script started
2024-09-18 00:20:51 - INFO - Excel Start Time: 00:20:00, Excel End Time: 00:25:00
2024-09-18 00:20:51 - INFO - Data successfully saved in Sheet1
2024-09-18 00:24:41 - INFO - Script started
2024-09-18 00:24:41 - INFO - Excel Start Time: 00:20:00, Excel End Time: 00:25:00
2024-09-18 00:24:41 - INFO - Scraping data from 00:20:00 to 00:25:00
2024-09-18 00:24:41 - ERROR - An error occurred during scraping or saving data: name 'timedelta' is not defined
2024-09-18 00:25:30 - INFO - Script started
2024-09-18 00:25:31 - INFO - Excel Start Time: 00:20:00, Excel End Time: 00:25:00
2024-09-18 00:25:31 - INFO - Scraping data from 00:20:00 to 00:25:00
2024-09-18 00:25:31 - INFO - Data successfully saved in Sheet1
2024-09-18 00:27:23 - INFO - Script started
2024-09-18 00:27:23 - INFO - Excel Start Time: 00:26:59, Excel End Time: 00:30:00
2024-09-18 00:27:23 - INFO - Scraping data from 00:26:59 to 00:30:00
2024-09-18 00:27:23 - INFO - Data successfully saved in Sheet1
2024-09-18 00:28:03 - INFO - Script started
2024-09-18 00:28:03 - INFO - Excel Start Time: 00:28:00, Excel End Time: 00:30:00
2024-09-18 00:28:03 - INFO - Scraping data from 00:28:00 to 00:30:00
2024-09-18 00:28:03 - INFO - Data successfully saved in Sheet1
2024-09-18 00:30:32 - INFO - Script started
2024-09-18 00:30:32 - INFO - Excel Start Time: 00:28:00, Excel End Time: 00:34:00
2024-09-18 00:30:32 - INFO - Scraping data from 00:28:00 to 00:34:00
2024-09-18 00:30:32 - INFO - Data successfully saved in Sheet1
2024-09-21 19:05:05 - INFO - Script started
2024-09-21 19:05:05 - INFO - Excel Start Time: 19:02:59, Excel End Time: 19:05:00
2024-09-21 19:05:05 - INFO - Scraping data from 19:02:59 to 19:05:00
2024-09-21 19:05:05 - INFO - Data successfully saved in Sheet1
